<?xml version="1.0" encoding="UTF-8"?>
<!-- Generated by org.testng.reporters.JUnitReportReporter -->
<testsuite hostname="LAPTOP-2GMD4EUC" failures="0" tests="3" name="tests.SuperTechTest" time="21.735" errors="0" timestamp="19 May 2020 23:24:24 GMT" skipped="0">
  <testcase classname="tests.SuperTechTest" name="superTech" time="7.317"/>
  <testcase classname="tests.SuperTechTest" name="googleTest" time="10.249"/>
  <testcase classname="tests.SuperTechTest" name="iframeTest" time="4.169"/>
</testsuite> <!-- tests.SuperTechTest -->
